<?xml version="1.0" encoding="UTF-8"?>
<testng-results ignored="0" total="2" passed="2" failed="0" skipped="0">
  <reporter-output>
  </reporter-output>
  <suite started-at="2023-04-30T15:05:10 IST" name="Default suite" finished-at="2023-04-30T15:05:16 IST" duration-ms="6909">
    <groups>
    </groups>
    <test started-at="2023-04-30T15:05:10 IST" name="Default test" finished-at="2023-04-30T15:05:16 IST" duration-ms="6909">
      <class name="org.test.SampleProj">
        <test-method is-config="true" signature="tc1()[pri:0, instance:org.test.SampleProj@1a18644]" started-at="2023-04-30T15:05:10 IST" name="tc1" finished-at="2023-04-30T15:05:13 IST" duration-ms="3043" status="PASS">
          <reporter-output>
          </reporter-output>
        </test-method> <!-- tc1 -->
        <test-method signature="tc2()[pri:0, instance:org.test.SampleProj@1a18644]" started-at="2023-04-30T15:05:13 IST" name="tc2" finished-at="2023-04-30T15:05:16 IST" duration-ms="3492" status="PASS">
          <reporter-output>
          </reporter-output>
        </test-method> <!-- tc2 -->
        <test-method signature="tc3()[pri:0, instance:org.test.SampleProj@1a18644]" started-at="2023-04-30T15:05:16 IST" name="tc3" finished-at="2023-04-30T15:05:16 IST" duration-ms="6" status="PASS">
          <reporter-output>
          </reporter-output>
        </test-method> <!-- tc3 -->
        <test-method is-config="true" signature="tc4()[pri:0, instance:org.test.SampleProj@1a18644]" started-at="2023-04-30T15:05:16 IST" name="tc4" finished-at="2023-04-30T15:05:16 IST" duration-ms="303" status="PASS">
          <reporter-output>
          </reporter-output>
        </test-method> <!-- tc4 -->
      </class> <!-- org.test.SampleProj -->
    </test> <!-- Default test -->
  </suite> <!-- Default suite -->
</testng-results>
